::1 - - [28/Aug/2024:14:48:00 +0000] "GET /users HTTP/1.1" 500 379 "-" "PostmanRuntime/7.41.2"
::1 - - [28/Aug/2024:14:48:17 +0000] "GET /users HTTP/1.1" 200 647 "-" "PostmanRuntime/7.41.2"
::1 - - [28/Aug/2024:14:49:11 +0000] "GET /users HTTP/1.1" 200 647 "-" "PostmanRuntime/7.41.2"
::1 - - [28/Aug/2024:14:51:09 +0000] "GET /auth/login HTTP/1.1" 404 149 "-" "PostmanRuntime/7.41.2"
::1 - - [28/Aug/2024:14:51:21 +0000] "GET /auth/login HTTP/1.1" 404 149 "-" "PostmanRuntime/7.41.2"
::1 - - [28/Aug/2024:15:33:21 +0000] "GET /auth/login HTTP/1.1" 404 149 "-" "PostmanRuntime/7.41.2"
::1 - - [28/Aug/2024:15:34:20 +0000] "GET /auth/login HTTP/1.1" 404 149 "-" "PostmanRuntime/7.41.2"
::1 - - [28/Aug/2024:15:34:22 +0000] "GET /auth/login HTTP/1.1" 404 149 "-" "PostmanRuntime/7.41.2"
::1 - - [28/Aug/2024:15:34:35 +0000] "POST /auth/login HTTP/1.1" 401 55 "-" "PostmanRuntime/7.41.2"
::1 - - [28/Aug/2024:15:35:02 +0000] "POST /auth/login HTTP/1.1" 401 55 "-" "PostmanRuntime/7.41.2"
::1 - - [28/Aug/2024:15:35:08 +0000] "GET /users HTTP/1.1" 200 647 "-" "PostmanRuntime/7.41.2"
::1 - - [28/Aug/2024:15:36:19 +0000] "POST /auth/login HTTP/1.1" 401 55 "-" "PostmanRuntime/7.41.2"
::1 - - [28/Aug/2024:15:37:01 +0000] "POST /auth/login HTTP/1.1" 401 55 "-" "PostmanRuntime/7.41.2"
::1 - - [28/Aug/2024:15:37:09 +0000] "POST /auth/login HTTP/1.1" 401 55 "-" "PostmanRuntime/7.41.2"
::1 - - [28/Aug/2024:15:37:44 +0000] "GET /users HTTP/1.1" 200 647 "-" "PostmanRuntime/7.41.2"
::1 - - [28/Aug/2024:15:37:45 +0000] "GET /users HTTP/1.1" 200 647 "-" "PostmanRuntime/7.41.2"
::1 - - [28/Aug/2024:15:38:14 +0000] "POST /auth/login HTTP/1.1" 401 55 "-" "PostmanRuntime/7.41.2"
::1 - - [28/Aug/2024:15:38:34 +0000] "POST /auth/login HTTP/1.1" 200 283 "-" "PostmanRuntime/7.41.2"
::1 - - [28/Aug/2024:15:39:38 +0000] "POST /auth/logout HTTP/1.1" 404 42 "-" "PostmanRuntime/7.41.2"
::1 - - [28/Aug/2024:15:41:04 +0000] "POST /auth/logout HTTP/1.1" 200 93 "-" "PostmanRuntime/7.41.2"
::1 - - [28/Aug/2024:15:51:27 +0000] "POST /users HTTP/1.1" 500 676 "-" "PostmanRuntime/7.41.2"
::1 - - [28/Aug/2024:15:51:56 +0000] "GET /users HTTP/1.1" 200 647 "-" "PostmanRuntime/7.41.2"
::1 - - [28/Aug/2024:15:53:22 +0000] "POST /users HTTP/1.1" 500 825 "-" "PostmanRuntime/7.41.2"
::1 - - [28/Aug/2024:15:53:41 +0000] "POST /users HTTP/1.1" 200 461 "-" "PostmanRuntime/7.41.2"
::1 - - [28/Aug/2024:15:54:56 +0000] "POST /auth/login HTTP/1.1" 200 283 "-" "PostmanRuntime/7.41.2"
